\BOOKMARK [-1][-]{part.1}{\376\377\000I\000\040\000I\000n\000t\000r\000o\000d\000u\000c\000t\000i\000o\000n}{}% 1
\BOOKMARK [0][-]{chapter.1}{\376\377\000\300\000\040\000q\000u\000i\000\040\000s\000'\000a\000d\000r\000e\000s\000s\000e\000\040\000c\000e\000\040\000l\000i\000v\000r\000e}{part.1}% 2
\BOOKMARK [0][-]{chapter.2}{\376\377\000O\000r\000g\000a\000n\000i\000s\000a\000t\000i\000o\000n\000\040\000d\000e\000\040\000l\000'\000o\000u\000v\000r\000a\000g\000e}{part.1}% 3
\BOOKMARK [-1][-]{part.2}{\376\377\000I\000I\000\040\000C\000o\000n\000t\000e\000n\000u\000s}{}% 4
\BOOKMARK [0][-]{chapter.3}{\376\377\000C\000o\000n\000t\000e\000n\000u\000\040\0001}{part.2}% 5
\BOOKMARK [1][-]{section.3.1}{\376\377\000O\000b\000j\000e\000c\000t\000i\000f\000s\000\040\000p\000\351\000d\000a\000g\000o\000g\000i\000q\000u\000e\000s}{chapter.3}% 6
\BOOKMARK [1][-]{section.3.2}{\376\377\000E\000x\000e\000r\000c\000i\000c\000e\000\040\0001}{chapter.3}% 7
\BOOKMARK [1][-]{section.3.3}{\376\377\000E\000x\000e\000r\000c\000i\000c\000e\000\040\0002}{chapter.3}% 8
\BOOKMARK [1][-]{section.3.4}{\376\377\000P\000r\000o\000g\000r\000a\000m\000m\000e\000\040\0001}{chapter.3}% 9
\BOOKMARK [1][-]{section.3.5}{\376\377\000Q\000C\000M\000\040\000d\000'\000a\000u\000t\000o\000-\000\351\000v\000a\000l\000u\000a\000t\000i\000o\000n}{chapter.3}% 10
\BOOKMARK [0][-]{chapter.4}{\376\377\000C\000o\000n\000t\000e\000n\000u\000\040\0002}{part.2}% 11
\BOOKMARK [1][-]{section.4.1}{\376\377\000O\000b\000j\000e\000c\000t\000i\000f\000s\000\040\000p\000\351\000d\000a\000g\000o\000g\000i\000q\000u\000e\000s}{chapter.4}% 12
\BOOKMARK [1][-]{section.4.2}{\376\377\000E\000x\000e\000r\000c\000i\000c\000e\000\040\0003}{chapter.4}% 13
\BOOKMARK [1][-]{section.4.3}{\376\377\000P\000r\000o\000g\000r\000a\000m\000m\000e\000\040\0002}{chapter.4}% 14
\BOOKMARK [1][-]{section.4.4}{\376\377\000Q\000C\000M\000\040\000d\000'\000a\000u\000t\000o\000-\000\351\000v\000a\000l\000u\000a\000t\000i\000o\000n}{chapter.4}% 15
\BOOKMARK [0][-]{chapter.5}{\376\377\000C\000o\000n\000t\000e\000n\000u\000\040\0003}{part.2}% 16
\BOOKMARK [1][-]{section.5.1}{\376\377\000O\000b\000j\000e\000c\000t\000i\000f\000s\000\040\000p\000\351\000d\000a\000g\000o\000g\000i\000q\000u\000e\000s}{chapter.5}% 17
\BOOKMARK [1][-]{section.5.2}{\376\377\000E\000x\000e\000r\000c\000i\000c\000e\000\040\0004}{chapter.5}% 18
\BOOKMARK [1][-]{section.5.3}{\376\377\000P\000r\000o\000g\000r\000a\000m\000m\000e\000\040\0003}{chapter.5}% 19
\BOOKMARK [1][-]{section.5.4}{\376\377\000Q\000C\000M\000\040\000d\000'\000a\000u\000t\000o\000-\000\351\000v\000a\000l\000u\000a\000t\000i\000o\000n}{chapter.5}% 20
\BOOKMARK [0][-]{chapter.6}{\376\377\000C\000o\000n\000t\000e\000n\000u\000\040\0004}{part.2}% 21
\BOOKMARK [1][-]{section.6.1}{\376\377\000O\000b\000j\000e\000c\000t\000i\000f\000s\000\040\000p\000\351\000d\000a\000g\000o\000g\000i\000q\000u\000e\000s}{chapter.6}% 22
\BOOKMARK [1][-]{section.6.2}{\376\377\000E\000x\000e\000r\000c\000i\000c\000e\000\040\0005}{chapter.6}% 23
\BOOKMARK [1][-]{section.6.3}{\376\377\000E\000x\000e\000r\000c\000i\000c\000e\000\040\0005\000\040\000b\000i\000s}{chapter.6}% 24
\BOOKMARK [1][-]{section.6.4}{\376\377\000E\000x\000e\000r\000c\000i\000c\000e\000\040\0005\000\040\000t\000e\000r}{chapter.6}% 25
\BOOKMARK [1][-]{section.6.5}{\376\377\000P\000r\000o\000g\000r\000a\000m\000m\000e\000\040\0004}{chapter.6}% 26
\BOOKMARK [1][-]{section.6.6}{\376\377\000Q\000C\000M\000\040\000d\000'\000a\000u\000t\000o\000-\000\351\000v\000a\000l\000u\000a\000t\000i\000o\000n}{chapter.6}% 27
\BOOKMARK [0][-]{chapter.7}{\376\377\000C\000o\000n\000t\000e\000n\000u\000\040\0005}{part.2}% 28
\BOOKMARK [1][-]{section.7.1}{\376\377\000O\000b\000j\000e\000c\000t\000i\000f\000s\000\040\000p\000\351\000d\000a\000g\000o\000g\000i\000q\000u\000e\000s}{chapter.7}% 29
\BOOKMARK [1][-]{section.7.2}{\376\377\000E\000x\000e\000r\000c\000i\000c\000e\000\040\0006}{chapter.7}% 30
\BOOKMARK [1][-]{section.7.3}{\376\377\000P\000r\000o\000g\000r\000a\000m\000m\000e\000\040\0005}{chapter.7}% 31
\BOOKMARK [1][-]{section.7.4}{\376\377\000Q\000C\000M\000\040\000d\000'\000a\000u\000t\000o\000-\000\351\000v\000a\000l\000u\000a\000t\000i\000o\000n}{chapter.7}% 32
\BOOKMARK [0][-]{chapter.8}{\376\377\000C\000o\000n\000t\000e\000n\000u\000\040\0006}{part.2}% 33
\BOOKMARK [1][-]{section.8.1}{\376\377\000O\000b\000j\000e\000c\000t\000i\000f\000s\000\040\000p\000\351\000d\000a\000g\000o\000g\000i\000q\000u\000e\000s}{chapter.8}% 34
\BOOKMARK [1][-]{section.8.2}{\376\377\000E\000x\000e\000r\000c\000i\000c\000e\000\040\0007}{chapter.8}% 35
\BOOKMARK [1][-]{section.8.3}{\376\377\000P\000r\000o\000g\000r\000a\000m\000m\000e\000\040\0006}{chapter.8}% 36
\BOOKMARK [1][-]{section.8.4}{\376\377\000Q\000C\000M\000\040\000d\000'\000a\000u\000t\000o\000-\000\351\000v\000a\000l\000u\000a\000t\000i\000o\000n}{chapter.8}% 37
\BOOKMARK [0][-]{chapter.9}{\376\377\000C\000o\000n\000t\000e\000n\000u\000\040\0007}{part.2}% 38
\BOOKMARK [1][-]{section.9.1}{\376\377\000O\000b\000j\000e\000c\000t\000i\000f\000s\000\040\000p\000\351\000d\000a\000g\000o\000g\000i\000q\000u\000e\000s}{chapter.9}% 39
\BOOKMARK [1][-]{section.9.2}{\376\377\000E\000x\000e\000r\000c\000i\000c\000e\000\040\0008}{chapter.9}% 40
\BOOKMARK [1][-]{section.9.3}{\376\377\000P\000r\000o\000g\000r\000a\000m\000m\000e\000\040\0007}{chapter.9}% 41
\BOOKMARK [1][-]{section.9.4}{\376\377\000Q\000C\000M\000\040\000d\000'\000a\000u\000t\000o\000-\000\351\000v\000a\000l\000u\000a\000t\000i\000o\000n}{chapter.9}% 42
\BOOKMARK [-1][-]{part.3}{\376\377\000I\000I\000I\000\040\000C\000a\000p\000a\000c\000i\000t\000\351\000s\000\040\000a\000t\000t\000e\000n\000d\000u\000e\000s}{}% 43
\BOOKMARK [0][-]{chapter.10}{\376\377\000C\000a\000p\000a\000c\000i\000t\000\351\000\040\000a\000t\000t\000e\000n\000d\000u\000e\000\040\0001}{part.3}% 44
\BOOKMARK [1][-]{section.10.1}{\376\377\000O\000b\000j\000e\000c\000t\000i\000f\000s\000\040\000p\000\351\000d\000a\000g\000o\000g\000i\000q\000u\000e\000s}{chapter.10}% 45
\BOOKMARK [1][-]{section.10.2}{\376\377\000E\000x\000e\000r\000c\000i\000c\000e\000\040\0009}{chapter.10}% 46
\BOOKMARK [1][-]{section.10.3}{\376\377\000Q\000C\000M\000\040\000d\000'\000a\000u\000t\000o\000-\000\351\000v\000a\000l\000u\000a\000t\000i\000o\000n}{chapter.10}% 47
\BOOKMARK [0][-]{chapter.11}{\376\377\000C\000a\000p\000a\000c\000i\000t\000\351\000\040\000a\000t\000t\000e\000n\000d\000u\000e\000\040\0002}{part.3}% 48
\BOOKMARK [1][-]{section.11.1}{\376\377\000O\000b\000j\000e\000c\000t\000i\000f\000s\000\040\000p\000\351\000d\000a\000g\000o\000g\000i\000q\000u\000e\000s}{chapter.11}% 49
\BOOKMARK [1][-]{section.11.2}{\376\377\000E\000x\000e\000r\000c\000i\000c\000e\000\040\0001\0000}{chapter.11}% 50
\BOOKMARK [1][-]{section.11.3}{\376\377\000Q\000C\000M\000\040\000d\000'\000a\000u\000t\000o\000-\000\351\000v\000a\000l\000u\000a\000t\000i\000o\000n}{chapter.11}% 51
\BOOKMARK [0][-]{chapter.12}{\376\377\000C\000a\000p\000a\000c\000i\000t\000\351\000\040\000a\000t\000t\000e\000n\000d\000u\000e\000\040\0003}{part.3}% 52
\BOOKMARK [1][-]{section.12.1}{\376\377\000O\000b\000j\000e\000c\000t\000i\000f\000s\000\040\000p\000\351\000d\000a\000g\000o\000g\000i\000q\000u\000e\000s}{chapter.12}% 53
\BOOKMARK [1][-]{section.12.2}{\376\377\000E\000x\000e\000r\000c\000i\000c\000e\000\040\0001\0001}{chapter.12}% 54
\BOOKMARK [1][-]{section.12.3}{\376\377\000Q\000C\000M\000\040\000d\000'\000a\000u\000t\000o\000-\000\351\000v\000a\000l\000u\000a\000t\000i\000o\000n}{chapter.12}% 55
\BOOKMARK [0][-]{chapter.13}{\376\377\000C\000a\000p\000a\000c\000i\000t\000\351\000\040\000a\000t\000t\000e\000n\000d\000u\000e\000\040\0004}{part.3}% 56
\BOOKMARK [1][-]{section.13.1}{\376\377\000O\000b\000j\000e\000c\000t\000i\000f\000s\000\040\000p\000\351\000d\000a\000g\000o\000g\000i\000q\000u\000e\000s}{chapter.13}% 57
\BOOKMARK [1][-]{section.13.2}{\376\377\000E\000x\000e\000r\000c\000i\000c\000e\000\040\0001\0002}{chapter.13}% 58
\BOOKMARK [1][-]{section.13.3}{\376\377\000Q\000C\000M\000\040\000d\000'\000a\000u\000t\000o\000-\000\351\000v\000a\000l\000u\000a\000t\000i\000o\000n}{chapter.13}% 59
\BOOKMARK [0][-]{chapter.14}{\376\377\000C\000a\000p\000a\000c\000i\000t\000\351\000\040\000a\000t\000t\000e\000n\000d\000u\000e\000\040\0005}{part.3}% 60
\BOOKMARK [1][-]{section.14.1}{\376\377\000O\000b\000j\000e\000c\000t\000i\000f\000s\000\040\000p\000\351\000d\000a\000g\000o\000g\000i\000q\000u\000e\000s}{chapter.14}% 61
\BOOKMARK [1][-]{section.14.2}{\376\377\000E\000x\000e\000r\000c\000i\000c\000e\000\040\0001\0003}{chapter.14}% 62
\BOOKMARK [1][-]{section.14.3}{\376\377\000Q\000C\000M\000\040\000d\000'\000a\000u\000t\000o\000-\000\351\000v\000a\000l\000u\000a\000t\000i\000o\000n}{chapter.14}% 63
\BOOKMARK [0][-]{chapter.15}{\376\377\000C\000a\000p\000a\000c\000i\000t\000\351\000\040\000a\000t\000t\000e\000n\000d\000u\000e\000\040\0006}{part.3}% 64
\BOOKMARK [1][-]{section.15.1}{\376\377\000O\000b\000j\000e\000c\000t\000i\000f\000s\000\040\000p\000\351\000d\000a\000g\000o\000g\000i\000q\000u\000e\000s}{chapter.15}% 65
\BOOKMARK [1][-]{section.15.2}{\376\377\000E\000x\000e\000r\000c\000i\000c\000e\000\040\0001\0004}{chapter.15}% 66
\BOOKMARK [1][-]{section.15.3}{\376\377\000Q\000C\000M\000\040\000d\000'\000a\000u\000t\000o\000-\000\351\000v\000a\000l\000u\000a\000t\000i\000o\000n}{chapter.15}% 67
\BOOKMARK [0][-]{chapter.16}{\376\377\000C\000a\000p\000a\000c\000i\000t\000\351\000\040\000a\000t\000t\000e\000n\000d\000u\000e\000\040\0007}{part.3}% 68
\BOOKMARK [1][-]{section.16.1}{\376\377\000O\000b\000j\000e\000c\000t\000i\000f\000s\000\040\000p\000\351\000d\000a\000g\000o\000g\000i\000q\000u\000e\000s}{chapter.16}% 69
\BOOKMARK [1][-]{section.16.2}{\376\377\000E\000x\000e\000r\000c\000i\000c\000e\000\040\0001\0005}{chapter.16}% 70
\BOOKMARK [1][-]{section.16.3}{\376\377\000P\000r\000o\000g\000r\000a\000m\000m\000e}{chapter.16}% 71
\BOOKMARK [1][-]{section.16.4}{\376\377\000Q\000C\000M\000\040\000d\000'\000a\000u\000t\000o\000-\000\351\000v\000a\000l\000u\000a\000t\000i\000o\000n}{chapter.16}% 72
\BOOKMARK [-1][-]{part.4}{\376\377\000I\000V\000\040\000E\000x\000e\000r\000c\000i\000c\000e\000s\000\040\000c\000o\000m\000p\000l\000\351\000m\000e\000n\000t\000a\000i\000r\000e\000s}{}% 73
\BOOKMARK [0][-]{chapter.17}{\376\377\000P\000o\000u\000r\000\040\000s\000'\000e\000x\000e\000r\000c\000e\000r\000\040\000d\000a\000v\000a\000n\000t\000a\000g\000e}{part.4}% 74
\BOOKMARK [1][-]{section.17.1}{\376\377\000E\000x\000e\000r\000c\000i\000c\000e\000\040\0001\0006}{chapter.17}% 75
\BOOKMARK [1][-]{section.17.2}{\376\377\000E\000x\000e\000r\000c\000i\000c\000e\000\040\0001\0007}{chapter.17}% 76
\BOOKMARK [1][-]{section.17.3}{\376\377\000E\000x\000e\000r\000c\000i\000c\000e\000\040\0001\0008}{chapter.17}% 77
\BOOKMARK [1][-]{section.17.4}{\376\377\000E\000x\000e\000r\000c\000i\000c\000e\000\040\0001\0009}{chapter.17}% 78
\BOOKMARK [1][-]{section.17.5}{\376\377\000E\000x\000e\000r\000c\000i\000c\000e\000\040\0002\0000}{chapter.17}% 79
\BOOKMARK [1][-]{section.17.6}{\376\377\000E\000x\000e\000r\000c\000i\000c\000e\000\040\0002\0001}{chapter.17}% 80
\BOOKMARK [1][-]{section.17.7}{\376\377\000E\000x\000e\000r\000c\000i\000c\000e\000\040\0002\0002}{chapter.17}% 81
\BOOKMARK [1][-]{section.17.8}{\376\377\000E\000x\000e\000r\000c\000i\000c\000e\000\040\0002\0003}{chapter.17}% 82
\BOOKMARK [1][-]{section.17.9}{\376\377\000E\000x\000e\000r\000c\000i\000c\000e\000\040\0002\0004}{chapter.17}% 83
\BOOKMARK [1][-]{section.17.10}{\376\377\000E\000x\000e\000r\000c\000i\000c\000e\000\040\0002\0005}{chapter.17}% 84
\BOOKMARK [1][-]{section.17.11}{\376\377\000E\000x\000e\000r\000c\000i\000c\000e\000\040\0002\0006}{chapter.17}% 85
\BOOKMARK [-1][-]{part.5}{\376\377\000V\000\040\000E\000x\000e\000r\000c\000i\000c\000e\000s\000\040\000d\000e\000\040\000s\000y\000n\000t\000h\000\350\000s\000e}{}% 86
\BOOKMARK [0][-]{chapter.18}{\376\377\000R\000e\000p\000r\000\351\000s\000e\000n\000t\000a\000t\000i\000o\000n\000\040\000p\000a\000r\000\040\000c\000o\000o\000r\000d\000o\000n\000n\000\351\000e\000s\000\040\000\050\000d\000a\000n\000s\000\040\000u\000n\000\040\000r\000e\000p\000\350\000r\000e\000\051}{part.5}% 87
\BOOKMARK [1][-]{section.18.1}{\376\377\000E\000x\000e\000r\000c\000i\000c\000e\000\040\0002\0007}{chapter.18}% 88
\BOOKMARK [0][-]{chapter.19}{\376\377\000R\000e\000p\000r\000\351\000s\000e\000n\000t\000a\000t\000i\000o\000n\000\040\000g\000\351\000o\000m\000\351\000t\000r\000i\000q\000u\000e\000\040\000\050\000s\000a\000n\000s\000\040\000r\000e\000p\000\350\000r\000e\000\051}{part.5}% 89
\BOOKMARK [1][-]{section.19.1}{\376\377\000E\000x\000e\000r\000c\000i\000c\000e\000\040\0002\0008}{chapter.19}% 90
\BOOKMARK [1][-]{section.19.2}{\376\377\000E\000x\000e\000r\000c\000i\000c\000e\000\040\0002\0009}{chapter.19}% 91
\BOOKMARK [0][-]{chapter.20}{\376\377\000C\000o\000l\000i\000n\000\351\000a\000r\000i\000t\000\351\000\040\000e\000t\000\040\000a\000l\000i\000g\000n\000e\000m\000e\000n\000t}{part.5}% 92
\BOOKMARK [1][-]{section.20.1}{\376\377\000E\000x\000e\000r\000c\000i\000c\000e\000\040\0003\0000}{chapter.20}% 93
\BOOKMARK [1][-]{section.20.2}{\376\377\000E\000x\000e\000r\000c\000i\000c\000e\000\040\0003\0001}{chapter.20}% 94
\BOOKMARK [-1][-]{part.6}{\376\377\000V\000I\000\040\000D\000\351\000m\000o\000n\000s\000t\000r\000a\000t\000i\000o\000n\000s}{}% 95
\BOOKMARK [0][-]{chapter.21}{\376\377\000D\000\351\000m\000o\000n\000s\000t\000r\000a\000t\000i\000o\000n\000s}{part.6}% 96
\BOOKMARK [1][-]{section.21.1}{\376\377\000E\000x\000e\000r\000c\000i\000c\000e\000\040\0003\0002}{chapter.21}% 97
\BOOKMARK [1][-]{section.21.2}{\376\377\000E\000x\000e\000r\000c\000i\000c\000e\000\040\0003\0002\000b\000i\000s}{chapter.21}% 98
\BOOKMARK [1][-]{section.21.3}{\376\377\000E\000x\000e\000r\000c\000i\000c\000e\000\040\0003\0002\000t\000e\000r}{chapter.21}% 99
\BOOKMARK [-1][-]{part.7}{\376\377\000V\000I\000I\000\040\000E\000x\000e\000r\000c\000i\000c\000e\000s\000\040\000d\000i\000v\000e\000r\000s}{}% 100
\BOOKMARK [0][-]{chapter.22}{\376\377\000A\000l\000p\000h\000a\000b\000e\000t}{part.7}% 101
\BOOKMARK [1][-]{section.22.1}{\376\377\000I\000n\000t\000r\000o\000d\000u\000c\000t\000i\000o\000n}{chapter.22}% 102
\BOOKMARK [1][-]{section.22.2}{\376\377\000E\000x\000e\000r\000c\000i\000c\000e\000\040\0003\0003}{chapter.22}% 103
\BOOKMARK [1][-]{section.22.3}{\376\377\000E\000x\000e\000r\000c\000i\000c\000e\000\040\0003\0004}{chapter.22}% 104
\BOOKMARK [1][-]{section.22.4}{\376\377\000E\000x\000e\000r\000c\000i\000c\000e\000\040\0003\0005}{chapter.22}% 105
\BOOKMARK [1][-]{section.22.5}{\376\377\000E\000x\000e\000r\000c\000i\000c\000e\000\040\0003\0006}{chapter.22}% 106
\BOOKMARK [1][-]{section.22.6}{\376\377\000E\000x\000e\000r\000c\000i\000c\000e\000\040\0003\0007}{chapter.22}% 107
\BOOKMARK [1][-]{section.22.7}{\376\377\000E\000x\000e\000r\000c\000i\000c\000e\000\040\0003\0008}{chapter.22}% 108
\BOOKMARK [1][-]{section.22.8}{\376\377\000E\000x\000e\000r\000c\000i\000c\000e\000\040\0003\0009}{chapter.22}% 109
\BOOKMARK [1][-]{section.22.9}{\376\377\000E\000x\000e\000r\000c\000i\000c\000e\000\040\0004\0000}{chapter.22}% 110
\BOOKMARK [1][-]{section.22.10}{\376\377\000E\000x\000e\000r\000c\000i\000c\000e\000\040\0004\0001}{chapter.22}% 111
\BOOKMARK [1][-]{section.22.11}{\376\377\000E\000x\000e\000r\000c\000i\000c\000e\000\040\0004\0002}{chapter.22}% 112
\BOOKMARK [1][-]{section.22.12}{\376\377\000E\000x\000e\000r\000c\000i\000c\000e\000\040\0004\0003}{chapter.22}% 113
\BOOKMARK [1][-]{section.22.13}{\376\377\000E\000x\000e\000r\000c\000i\000c\000e\000\040\0004\0004}{chapter.22}% 114
\BOOKMARK [1][-]{section.22.14}{\376\377\000E\000x\000e\000r\000c\000i\000c\000e\000\040\0004\0005}{chapter.22}% 115
\BOOKMARK [1][-]{section.22.15}{\376\377\000E\000x\000e\000r\000c\000i\000c\000e\000\040\0004\0006}{chapter.22}% 116
\BOOKMARK [1][-]{section.22.16}{\376\377\000E\000x\000e\000r\000c\000i\000c\000e\000\040\0004\0007}{chapter.22}% 117
\BOOKMARK [1][-]{section.22.17}{\376\377\000E\000x\000e\000r\000c\000i\000c\000e\000\040\0004\0008}{chapter.22}% 118
\BOOKMARK [1][-]{section.22.18}{\376\377\000E\000x\000e\000r\000c\000i\000c\000e\000\040\0004\0009}{chapter.22}% 119
\BOOKMARK [1][-]{section.22.19}{\376\377\000E\000x\000e\000r\000c\000i\000c\000e\000\040\0005\0000}{chapter.22}% 120
\BOOKMARK [1][-]{section.22.20}{\376\377\000E\000x\000e\000r\000c\000i\000c\000e\000\040\0005\0001}{chapter.22}% 121
\BOOKMARK [1][-]{section.22.21}{\376\377\000E\000x\000e\000r\000c\000i\000c\000e\000\040\0005\0002}{chapter.22}% 122
\BOOKMARK [1][-]{section.22.22}{\376\377\000E\000x\000e\000r\000c\000i\000c\000e\000\040\0005\0003}{chapter.22}% 123
\BOOKMARK [1][-]{section.22.23}{\376\377\000E\000x\000e\000r\000c\000i\000c\000e\000\040\0005\0004}{chapter.22}% 124
\BOOKMARK [1][-]{section.22.24}{\376\377\000E\000x\000e\000r\000c\000i\000c\000e\000\040\0005\0005}{chapter.22}% 125
\BOOKMARK [1][-]{section.22.25}{\376\377\000E\000x\000e\000r\000c\000i\000c\000e\000\040\0005\0006}{chapter.22}% 126
\BOOKMARK [1][-]{section.22.26}{\376\377\000E\000x\000e\000r\000c\000i\000c\000e\000\040\0005\0007}{chapter.22}% 127
\BOOKMARK [1][-]{section.22.27}{\376\377\000E\000x\000e\000r\000c\000i\000c\000e\000\040\0005\0008}{chapter.22}% 128
\BOOKMARK [0][-]{chapter.23}{\376\377\000A\000p\000p\000l\000i\000c\000a\000t\000i\000o\000n\000s\000\040\000d\000e\000s\000\040\000v\000e\000c\000t\000e\000u\000r\000s\000\040\000d\000a\000n\000s\000\040\000l\000a\000\040\000v\000i\000e\000\040\000r\000\351\000e\000l\000l\000e}{part.7}% 129
\BOOKMARK [1][-]{section.23.1}{\376\377\000E\000x\000e\000r\000c\000i\000c\000e\000\040\0005\0009}{chapter.23}% 130
\BOOKMARK [1][-]{section.23.2}{\376\377\000E\000x\000e\000r\000c\000i\000c\000e\000\040\0006\0000}{chapter.23}% 131
\BOOKMARK [1][-]{section.23.3}{\376\377\000E\000x\000e\000r\000c\000i\000c\000e\000\040\0006\0001}{chapter.23}% 132
\BOOKMARK [1][-]{section.23.4}{\376\377\000E\000x\000e\000r\000c\000i\000c\000e\000\040\0006\0002\000\040\000:\000\040\000I\000m\000a\000g\000e\000s\000\040\000v\000e\000c\000t\000o\000r\000i\000e\000l\000l\000e\000s\000\040\000v\000s\000\040\000i\000m\000a\000g\000e\000s\000\040\000b\000i\000t\000m\000a\000p}{chapter.23}% 133
\BOOKMARK [1][-]{section.23.5}{\376\377\000E\000x\000e\000r\000c\000i\000c\000e\000\040\0006\0003\000\040\000:\000\040\000D\000\351\000c\000o\000d\000e\000r\000\040\000u\000n\000\040\000f\000i\000c\000h\000i\000e\000r\000\040\000S\000V\000G}{chapter.23}% 134
\BOOKMARK [1][-]{section.23.6}{\376\377\000E\000x\000e\000r\000c\000i\000c\000e\000\040\0006\0004\000\040\000:\000\040\000P\000o\000u\000r\000q\000u\000o\000i\000\040\000l\000e\000s\000\040\000P\000D\000F\000\040\000s\000o\000n\000t\000-\000i\000l\000s\000\040\000v\000e\000c\000t\000o\000r\000i\000e\000l\000s\000\040\000?}{chapter.23}% 135
\BOOKMARK [1][-]{section.23.7}{\376\377\000E\000x\000e\000r\000c\000i\000c\000e\000\040\0006\0005\000\040\000:\000\040\000B\000i\000t\000m\000a\000p\000\040\000v\000s\000\040\000V\000e\000c\000t\000o\000r\000i\000e\000l\000\040\000-\000\040\000\311\000t\000u\000d\000e\000\040\000c\000o\000m\000p\000a\000r\000a\000t\000i\000v\000e}{chapter.23}% 136
\BOOKMARK [1][-]{section.23.8}{\376\377\000E\000x\000e\000r\000c\000i\000c\000e\000\040\0006\0006\000\040\000:\000\040\000C\000r\000\351\000e\000r\000\040\000u\000n\000e\000\040\000i\000c\000\364\000n\000e\000\040\000v\000e\000c\000t\000o\000r\000i\000e\000l\000l\000e\000\040\000\050\000P\000r\000o\000j\000e\000t\000\051}{chapter.23}% 137
\BOOKMARK [0][-]{chapter.24}{\376\377\000C\000h\000i\000f\000f\000r\000e\000s}{part.7}% 138
\BOOKMARK [1][-]{section.24.1}{\376\377\000I\000n\000t\000r\000o\000d\000u\000c\000t\000i\000o\000n}{chapter.24}% 139
\BOOKMARK [1][-]{section.24.2}{\376\377\000E\000x\000e\000r\000c\000i\000c\000e\000\040\0006\0007}{chapter.24}% 140
\BOOKMARK [1][-]{section.24.3}{\376\377\000E\000x\000e\000r\000c\000i\000c\000e\000\040\0006\0008}{chapter.24}% 141
\BOOKMARK [1][-]{section.24.4}{\376\377\000E\000x\000e\000r\000c\000i\000c\000e\000\040\0006\0009}{chapter.24}% 142
\BOOKMARK [1][-]{section.24.5}{\376\377\000E\000x\000e\000r\000c\000i\000c\000e\000\040\0007\0000}{chapter.24}% 143
\BOOKMARK [1][-]{section.24.6}{\376\377\000E\000x\000e\000r\000c\000i\000c\000e\000\040\0007\0001}{chapter.24}% 144
\BOOKMARK [1][-]{section.24.7}{\376\377\000E\000x\000e\000r\000c\000i\000c\000e\000\040\0007\0002}{chapter.24}% 145
\BOOKMARK [1][-]{section.24.8}{\376\377\000E\000x\000e\000r\000c\000i\000c\000e\000\040\0007\0003}{chapter.24}% 146
\BOOKMARK [1][-]{section.24.9}{\376\377\000E\000x\000e\000r\000c\000i\000c\000e\000\040\0007\0004}{chapter.24}% 147
\BOOKMARK [1][-]{section.24.10}{\376\377\000E\000x\000e\000r\000c\000i\000c\000e\000\040\0007\0005}{chapter.24}% 148
\BOOKMARK [1][-]{section.24.11}{\376\377\000E\000x\000e\000r\000c\000i\000c\000e\000\040\0007\0006}{chapter.24}% 149
\BOOKMARK [0][-]{chapter.25}{\376\377\000P\000a\000r\000a\000d\000o\000x\000e\000\040\000d\000e\000\040\000S\000i\000m\000p\000s\000o\000n}{part.7}% 150
\BOOKMARK [1][-]{section.25.1}{\376\377\000E\000x\000e\000r\000c\000i\000c\000e\000\040\0007\0007}{chapter.25}% 151
\BOOKMARK [0][-]{chapter.26}{\376\377\000A\000r\000i\000t\000h\000m\000\351\000t\000i\000q\000u\000e}{part.7}% 152
\BOOKMARK [1][-]{section.26.1}{\376\377\000E\000x\000e\000r\000c\000i\000c\000e\000\040\0007\0008}{chapter.26}% 153
\BOOKMARK [1][-]{section.26.2}{\376\377\000E\000x\000e\000r\000c\000i\000c\000e\000\040\0007\0009}{chapter.26}% 154
\BOOKMARK [1][-]{section.26.3}{\376\377\000E\000x\000e\000r\000c\000i\000c\000e\000\040\0008\0000}{chapter.26}% 155
\BOOKMARK [0][-]{chapter.27}{\376\377\000T\000r\000i\000g\000o\000n\000o\000m\000\351\000t\000r\000i\000e}{part.7}% 156
\BOOKMARK [1][-]{section.27.1}{\376\377\000E\000x\000e\000r\000c\000i\000c\000e\000\040\0008\0001}{chapter.27}% 157
\BOOKMARK [-1][-]{part.8}{\376\377\000V\000I\000I\000I\000\040\000E\000r\000r\000e\000u\000r\000s\000\040\000f\000r\000\351\000q\000u\000e\000n\000t\000e\000s\000\040\000\340\000\040\000\351\000v\000i\000t\000e\000r}{}% 158
\BOOKMARK [0][-]{chapter.28}{\376\377\000E\000r\000r\000e\000u\000r\000\040\0001\000\040\000:\000\040\000C\000o\000n\000f\000o\000n\000d\000r\000e\000\040\000v\000e\000c\000t\000e\000u\000r\000\040\000e\000t\000\040\000l\000o\000n\000g\000u\000e\000u\000r}{part.8}% 159
\BOOKMARK [0][-]{chapter.29}{\376\377\000E\000r\000r\000e\000u\000r\000\040\0002\000\040\000:\000\040\000O\000u\000b\000l\000i\000e\000r\000\040\000l\000e\000\040\000s\000e\000n\000s\000\040\000d\000a\000n\000s\000\040\000l\000a\000\040\000r\000e\000l\000a\000t\000i\000o\000n\000\040\000d\000e\000\040\000C\000h\000a\000s\000l\000e\000s}{part.8}% 160
\BOOKMARK [0][-]{chapter.30}{\376\377\000E\000r\000r\000e\000u\000r\000\040\0003\000\040\000:\000\040\000C\000o\000n\000f\000o\000n\000d\000r\000e\000\040\000c\000o\000o\000r\000d\000o\000n\000n\000\351\000e\000s\000\040\000d\000e\000\040\000p\000o\000i\000n\000t\000\040\000e\000t\000\040\000d\000e\000\040\000v\000e\000c\000t\000e\000u\000r}{part.8}% 161
\BOOKMARK [-1][-]{part.9}{\376\377\000I\000X\000\040\000C\000o\000m\000m\000e\000n\000t\000\040\000o\000b\000t\000e\000n\000i\000r\000\040\000l\000e\000s\000\040\000s\000o\000l\000u\000t\000i\000o\000n\000s\000\040\000?}{}% 162
\BOOKMARK [-1][-]{part.10}{\376\377\000X\000\040\000R\000e\000m\000e\000r\000c\000i\000e\000m\000e\000n\000t\000s\000\040\000e\000t\000\040\000f\000e\000e\000d\000b\000a\000c\000k}{}% 163
