\BOOKMARK [-1][-]{part.1}{\376\377\000I\000\040\000S\000o\000l\000u\000t\000i\000o\000n\000s\000\040\000d\000e\000s\000\040\000e\000x\000e\000r\000c\000i\000c\000e\000s\000\040\000d\000u\000\040\000c\000o\000n\000t\000e\000n\000u\000\040\0001}{}% 1
\BOOKMARK [0][-]{chapter.1}{\376\377\000S\000o\000l\000u\000t\000i\000o\000n\000\040\000d\000e\000\040\000l\000'\000e\000x\000e\000r\000c\000i\000c\000e\000\040\0001}{part.1}% 2
\BOOKMARK [0][-]{chapter.2}{\376\377\000S\000o\000l\000u\000t\000i\000o\000n\000\040\000d\000e\000\040\000l\000'\000e\000x\000e\000r\000c\000i\000c\000e\000\040\0002}{part.1}% 3
\BOOKMARK [0][-]{chapter.3}{\376\377\000S\000o\000l\000u\000t\000i\000o\000n\000\040\000p\000r\000o\000g\000r\000a\000m\000m\000e\000\040\0001}{part.1}% 4
\BOOKMARK [0][-]{chapter.4}{\376\377\000S\000o\000l\000u\000t\000i\000o\000n\000\040\000d\000u\000\040\000Q\000C\000M\000\040\000d\000'\000a\000u\000t\000o\000-\000\351\000v\000a\000l\000u\000a\000t\000i\000o\000n}{part.1}% 5
\BOOKMARK [-1][-]{part.2}{\376\377\000I\000I\000\040\000S\000o\000l\000u\000t\000i\000o\000n\000s\000\040\000d\000e\000s\000\040\000e\000x\000e\000r\000c\000i\000c\000e\000s\000\040\000d\000u\000\040\000c\000o\000n\000t\000e\000n\000u\000\040\0002}{}% 6
\BOOKMARK [0][-]{chapter.5}{\376\377\000S\000o\000l\000u\000t\000i\000o\000n\000\040\000d\000e\000\040\000l\000'\000e\000x\000e\000r\000c\000i\000c\000e\000\040\0003}{part.2}% 7
\BOOKMARK [0][-]{chapter.6}{\376\377\000S\000o\000l\000u\000t\000i\000o\000n\000\040\000p\000r\000o\000g\000r\000a\000m\000m\000e\000\040\0002}{part.2}% 8
\BOOKMARK [0][-]{chapter.7}{\376\377\000S\000o\000l\000u\000t\000i\000o\000n\000\040\000d\000u\000\040\000Q\000C\000M\000\040\000d\000'\000a\000u\000t\000o\000-\000\351\000v\000a\000l\000u\000a\000t\000i\000o\000n}{part.2}% 9
\BOOKMARK [-1][-]{part.3}{\376\377\000I\000I\000I\000\040\000S\000o\000l\000u\000t\000i\000o\000n\000s\000\040\000d\000e\000s\000\040\000e\000x\000e\000r\000c\000i\000c\000e\000s\000\040\000d\000u\000\040\000c\000o\000n\000t\000e\000n\000u\000\040\0003}{}% 10
\BOOKMARK [0][-]{chapter.8}{\376\377\000S\000o\000l\000u\000t\000i\000o\000n\000\040\000d\000e\000\040\000l\000'\000e\000x\000e\000r\000c\000i\000c\000e\000\040\0004}{part.3}% 11
\BOOKMARK [0][-]{chapter.9}{\376\377\000S\000o\000l\000u\000t\000i\000o\000n\000\040\000p\000r\000o\000g\000r\000a\000m\000m\000e\000\040\0003}{part.3}% 12
\BOOKMARK [0][-]{chapter.10}{\376\377\000S\000o\000l\000u\000t\000i\000o\000n\000\040\000d\000u\000\040\000Q\000C\000M\000\040\000d\000'\000a\000u\000t\000o\000-\000\351\000v\000a\000l\000u\000a\000t\000i\000o\000n}{part.3}% 13
\BOOKMARK [-1][-]{part.4}{\376\377\000I\000V\000\040\000S\000o\000l\000u\000t\000i\000o\000n\000s\000\040\000d\000e\000s\000\040\000e\000x\000e\000r\000c\000i\000c\000e\000s\000\040\000d\000u\000\040\000c\000o\000n\000t\000e\000n\000u\000\040\0004}{}% 14
\BOOKMARK [0][-]{chapter.11}{\376\377\000S\000o\000l\000u\000t\000i\000o\000n\000\040\000d\000e\000\040\000l\000'\000e\000x\000e\000r\000c\000i\000c\000e\000\040\0005}{part.4}% 15
\BOOKMARK [0][-]{chapter.12}{\376\377\000S\000o\000l\000u\000t\000i\000o\000n\000\040\000d\000e\000\040\000l\000'\000e\000x\000e\000r\000c\000i\000c\000e\000\040\0005\000\040\000b\000i\000s}{part.4}% 16
\BOOKMARK [0][-]{chapter.13}{\376\377\000S\000o\000l\000u\000t\000i\000o\000n\000\040\000d\000e\000\040\000l\000'\000e\000x\000e\000r\000c\000i\000c\000e\000\040\0005\000\040\000t\000e\000r}{part.4}% 17
\BOOKMARK [0][-]{chapter.14}{\376\377\000S\000o\000l\000u\000t\000i\000o\000n\000\040\000p\000r\000o\000g\000r\000a\000m\000m\000e\000\040\0004}{part.4}% 18
\BOOKMARK [0][-]{chapter.15}{\376\377\000S\000o\000l\000u\000t\000i\000o\000n\000\040\000d\000u\000\040\000Q\000C\000M\000\040\000d\000'\000a\000u\000t\000o\000-\000\351\000v\000a\000l\000u\000a\000t\000i\000o\000n}{part.4}% 19
\BOOKMARK [-1][-]{part.5}{\376\377\000V\000\040\000S\000o\000l\000u\000t\000i\000o\000n\000s\000\040\000d\000e\000s\000\040\000e\000x\000e\000r\000c\000i\000c\000e\000s\000\040\000d\000u\000\040\000c\000o\000n\000t\000e\000n\000u\000\040\0005}{}% 20
\BOOKMARK [0][-]{chapter.16}{\376\377\000S\000o\000l\000u\000t\000i\000o\000n\000\040\000d\000e\000\040\000l\000'\000e\000x\000e\000r\000c\000i\000c\000e\000\040\0006}{part.5}% 21
\BOOKMARK [0][-]{chapter.17}{\376\377\000S\000o\000l\000u\000t\000i\000o\000n\000\040\000d\000u\000\040\000p\000r\000o\000g\000r\000a\000m\000m\000e\000\040\0005}{part.5}% 22
\BOOKMARK [0][-]{chapter.18}{\376\377\000S\000o\000l\000u\000t\000i\000o\000n\000\040\000d\000u\000\040\000Q\000C\000M\000\040\000d\000'\000a\000u\000t\000o\000-\000\351\000v\000a\000l\000u\000a\000t\000i\000o\000n}{part.5}% 23
\BOOKMARK [-1][-]{part.6}{\376\377\000V\000I\000\040\000S\000o\000l\000u\000t\000i\000o\000n\000s\000\040\000d\000e\000s\000\040\000e\000x\000e\000r\000c\000i\000c\000e\000s\000\040\000d\000u\000\040\000c\000o\000n\000t\000e\000n\000u\000\040\0006}{}% 24
\BOOKMARK [0][-]{chapter.19}{\376\377\000S\000o\000l\000u\000t\000i\000o\000n\000\040\000d\000e\000\040\000l\000'\000e\000x\000e\000r\000c\000i\000c\000e\000\040\0007}{part.6}% 25
\BOOKMARK [0][-]{chapter.20}{\376\377\000S\000o\000l\000u\000t\000i\000o\000n\000\040\000d\000u\000\040\000p\000r\000o\000g\000r\000a\000m\000m\000e\000\040\0006}{part.6}% 26
\BOOKMARK [0][-]{chapter.21}{\376\377\000S\000o\000l\000u\000t\000i\000o\000n\000\040\000d\000u\000\040\000Q\000C\000M\000\040\000d\000'\000a\000u\000t\000o\000-\000\351\000v\000a\000l\000u\000a\000t\000i\000o\000n}{part.6}% 27
\BOOKMARK [-1][-]{part.7}{\376\377\000V\000I\000I\000\040\000S\000o\000l\000u\000t\000i\000o\000n\000s\000\040\000d\000e\000s\000\040\000e\000x\000e\000r\000c\000i\000c\000e\000s\000\040\000d\000u\000\040\000c\000o\000n\000t\000e\000n\000u\000\040\0007}{}% 28
\BOOKMARK [0][-]{chapter.22}{\376\377\000S\000o\000l\000u\000t\000i\000o\000n\000\040\000d\000e\000\040\000l\000'\000e\000x\000e\000r\000c\000i\000c\000e\000\040\0008}{part.7}% 29
\BOOKMARK [0][-]{chapter.23}{\376\377\000S\000o\000l\000u\000t\000i\000o\000n\000\040\000d\000u\000\040\000p\000r\000o\000g\000r\000a\000m\000m\000e\000\040\0007}{part.7}% 30
\BOOKMARK [0][-]{chapter.24}{\376\377\000S\000o\000l\000u\000t\000i\000o\000n\000\040\000d\000u\000\040\000Q\000C\000M\000\040\000d\000'\000a\000u\000t\000o\000-\000\351\000v\000a\000l\000u\000a\000t\000i\000o\000n}{part.7}% 31
\BOOKMARK [-1][-]{part.8}{\376\377\000V\000I\000I\000I\000\040\000S\000o\000l\000u\000t\000i\000o\000n\000s\000\040\000d\000e\000s\000\040\000e\000x\000e\000r\000c\000i\000c\000e\000s\000\040\000d\000e\000\040\000l\000a\000\040\000C\000a\0001}{}% 32
\BOOKMARK [0][-]{chapter.25}{\376\377\000S\000o\000l\000u\000t\000i\000o\000n\000\040\000d\000e\000\040\000l\000'\000e\000x\000e\000r\000c\000i\000c\000e\000\040\0009}{part.8}% 33
\BOOKMARK [0][-]{chapter.26}{\376\377\000S\000o\000l\000u\000t\000i\000o\000n\000\040\000d\000u\000\040\000Q\000C\000M\000\040\000d\000'\000a\000u\000t\000o\000-\000\351\000v\000a\000l\000u\000a\000t\000i\000o\000n}{part.8}% 34
\BOOKMARK [-1][-]{part.9}{\376\377\000I\000X\000\040\000S\000o\000l\000u\000t\000i\000o\000n\000s\000\040\000d\000e\000s\000\040\000e\000x\000e\000r\000c\000i\000c\000e\000s\000\040\000d\000e\000\040\000l\000a\000\040\000C\000a\0002}{}% 35
\BOOKMARK [0][-]{chapter.27}{\376\377\000S\000o\000l\000u\000t\000i\000o\000n\000\040\000d\000e\000\040\000l\000'\000e\000x\000e\000r\000c\000i\000c\000e\000\040\0001\0000}{part.9}% 36
\BOOKMARK [0][-]{chapter.28}{\376\377\000S\000o\000l\000u\000t\000i\000o\000n\000\040\000d\000u\000\040\000Q\000C\000M\000\040\000d\000'\000a\000u\000t\000o\000-\000\351\000v\000a\000l\000u\000a\000t\000i\000o\000n}{part.9}% 37
\BOOKMARK [-1][-]{part.10}{\376\377\000X\000\040\000S\000o\000l\000u\000t\000i\000o\000n\000s\000\040\000d\000e\000s\000\040\000e\000x\000e\000r\000c\000i\000c\000e\000s\000\040\000d\000e\000\040\000l\000a\000\040\000C\000a\0003}{}% 38
\BOOKMARK [0][-]{chapter.29}{\376\377\000S\000o\000l\000u\000t\000i\000o\000n\000\040\000d\000e\000\040\000l\000'\000e\000x\000e\000r\000c\000i\000c\000e\000\040\0001\0001}{part.10}% 39
\BOOKMARK [0][-]{chapter.30}{\376\377\000S\000o\000l\000u\000t\000i\000o\000n\000\040\000d\000u\0