\BOOKMARK [-1][-]{part.1}{\376\377\000I\000\040\000S\000o\000l\000u\000t\000i\000o\000n\000s\000\040\000d\000e\000s\000\040\000e\000x\000e\000r\000c\000i\000c\000e\000s\000s\000o\000l\000u\000t\000i\000o\000n\000s}{}% 1
\BOOKMARK [0][-]{chapter.1}{\376\377\000C\000o\000n\000t\000e\000n\000u\000\040\0001\000c\000o\000n\000t\000e\000n\000u}{part.1}% 2
\BOOKMARK [1][-]{section.1.1}{\376\377\000S\000o\000l\000u\000t\000i\000o\000n\000\040\000d\000e\000\040\000l\000'\000e\000x\000e\000r\000c\000i\000c\000e\000\040\0001}{chapter.1}% 3
\BOOKMARK [1][-]{section.1.2}{\376\377\000S\000o\000l\000u\000t\000i\000o\000n\000\040\000d\000e\000\040\000l\000'\000e\000x\000e\000r\000c\000i\000c\000e\000\040\0002}{chapter.1}% 4
\BOOKMARK [1][-]{section.1.3}{\376\377\000S\000o\000l\000u\000t\000i\000o\000n\000\040\000p\000r\000o\000g\000r\000a\000m\000m\000e\000\040\0001}{chapter.1}% 5
\BOOKMARK [1][-]{section.1.4}{\376\377\000S\000o\000l\000u\000t\000i\000o\000n\000\040\000d\000u\000\040\000Q\000C\000M\000\040\000d\000'\000a\000u\000t\000o\000-\000\351\000v\000a\000l\000u\000a\000t\000i\000o\000n}{chapter.1}% 6
\BOOKMARK [0][-]{chapter.2}{\376\377\000C\000o\000n\000t\000e\000n\000u\000\040\0002\000c\000o\000n\000t\000e\000n\000u}{part.1}% 7
\BOOKMARK [1][-]{section.2.1}{\376\377\000S\000o\000l\000u\000t\000i\000o\000n\000\040\000d\000e\000\040\000l\000'\000e\000x\000e\000r\000c\000i\000c\000e\000\040\0003}{chapter.2}% 8
\BOOKMARK [1][-]{section.2.2}{\376\377\000S\000o\000l\000u\000t\000i\000o\000n\000\040\000p\000r\000o\000g\000r\000a\000m\000m\000e\000\040\0002}{chapter.2}% 9
\BOOKMARK [1][-]{section.2.3}{\376\377\000S\000o\000l\000u\000t\000i\000o\000n\000\040\000d\000u\000\040\000Q\000C\000M\000\040\000d\000'\000a\000u\000t\000o\000-\000\351\000v\000a\000l\000u\000a\000t\000i\000o\000n}{chapter.2}% 10
\BOOKMARK [0][-]{chapter.3}{\376\377\000C\000o\000n\000t\000e\000n\000u\000\040\0003\000c\000o\000n\000t\000e\000n\000u}{part.1}% 11
\BOOKMARK [1][-]{section.3.1}{\376\377\000S\000o\000l\000u\000t\000i\000o\000n\000\040\000d\000e\000\040\000l\000'\000e\000x\000e\000r\000c\000i\000c\000e\000\040\0004}{chapter.3}% 12
\BOOKMARK [1][-]{section.3.2}{\376\377\000S\000o\000l\000u\000t\000i\000o\000n\000\040\000p\000r\000o\000g\000r\000a\000m\000m\000e\000\040\0003}{chapter.3}% 13
\BOOKMARK [1][-]{section.3.3}{\376\377\000S\000o\000l\000u\000t\000i\000o\000n\000\040\000d\000u\000\040\000Q\000C\000M\000\040\000d\000'\000a\000u\000t\000o\000-\000\351\000v\000a\000l\000u\000a\000t\000i\000o\000n}{chapter.3}% 14
\BOOKMARK [0][-]{chapter.4}{\376\377\000C\000o\000n\000t\000e\000n\000u\000\040\0004\000c\000o\000n\000t\000e\000n\000u}{part.1}% 15
\BOOKMARK [1][-]{section.4.1}{\376\377\000S\000o\000l\000u\000t\000i\000o\000n\000\040\000d\000e\000\040\000l\000'\000e\000x\000e\000r\000c\000i\000c\000e\000\040\0005}{chapter.4}% 16
\BOOKMARK [1][-]{section.4.2}{\376\377\000S\000o\000l\000u\000t\000i\000o\000n\000\040\000d\000e\000\040\000l\000'\000e\000x\000e\000r\000c\000i\000c\000e\000\040\0005\000\040\000b\000i\000s}{chapter.4}% 17
\BOOKMARK [1][-]{section.4.3}{\376\377\000S\000o\000l\000u\000t\000i\000o\000n\000\040\000d\000e\000\040\000l\000'\000e\000x\000e\000r\000c\000i\000c\000e\000\040\0005\000\040\000t\000e\000r}{chapter.4}% 18
\BOOKMARK [1][-]{section.4.4}{\376\377\000S\000o\000l\000u\000t\000i\000o\000n\000\040\000p\000r\000o\000g\000r\000a\000m\000m\000e\000\040\0004}{chapter.4}% 19
\BOOKMARK [1][-]{section.4.5}{\376\377\000S\000o\000l\000u\000t\000i\000o\000n\000\040\000d\000u\000\040\000Q\000C\000M\000\040\000d\000'\000a\000u\000t\000o\000-\000\351\000v\000a\000l\000u\000a\000t\000i\000o\000n}{chapter.4}% 20
\BOOKMARK [0][-]{chapter.5}{\376\377\000C\000o\000n\000t\000e\000n\000u\000\040\0005\000c\000o\000n\000t\000e\000n\000u}{part.1}% 21
\BOOKMARK [1][-]{section.5.1}{\376\377\000S\000o\000l\000u\000t\000i\000o\000n\000\040\000d\000e\000\040\000l\000'\000e\000x\000e\000r\000c\000i\000c\000e\000\040\0006}{chapter.5}% 22
\BOOKMARK [1][-]{section.5.2}{\376\377\000S\000o\000l\000u\000t\000i\000o\000n\000\040\000d\000u\000\040\000p\000r\000o\000g\000r\000a\000m\000m\000e\000\040\0005}{chapter.5}% 23
\BOOKMARK [1][-]{section.5.3}{\376\377\000S\000o\000l\000u\000t\000i\000o\000n\000\040\000d\000u\000\040\000Q\000C\000M\000\040\000d\000'\000a\000u\000t\000o\000-\000\351\000v\000a\000l\000u\000a\000t\000i\000o\000n}{chapter.5}% 24
\BOOKMARK [0][-]{chapter.6}{\376\377\000C\000o\000n\000t\000e\000n\000u\000\040\0006\000c\000o\000n\000t\000e\000n\000u}{part.1}% 25
\BOOKMARK [1][-]{section.6.1}{\376\377\000S\000o\000l\000u\000t\000i\000o\000n\000\040\000d\000e\000\040\000l\000'\000e\000x\000e\000r\000c\000i\000c\000e\000\040\0007}{chapter.6}% 26
\BOOKMARK [1][-]{section.6.2}{\376\377\000S\000o\000l\000u\000t\000i\000o\000n\000\040\000d\000u\000\040\000p\000r\000o\000g\000r\000a\000m\000m\000e\000\040\0006}{chapter.6}% 27
\BOOKMARK [1][-]{section.6.3}{\376\377\000S\000o\000l\000u\000t\000i\000o\000n\000\040\000d\000u\000\040\000Q\000C\000M\000\040\000d\000'\000a\000u\000t\000o\000-\000\351\000v\000a\000l\000u\000a\000t\000i\000o\000n}{chapter.6}% 28
\BOOKMARK [0][-]{chapter.7}{\376\377\000C\000o\000n\000t\000e\000n\000u\000\040\0007\000c\000o\000n\000t\000e\000n\000u}{part.1}% 29
\BOOKMARK [1][-]{section.7.1}{\376\377\000S\000o\000l\000u\000t\000i\000o\000n\000\040\000d\000e\000\040\000l\000'\000e\000x\000e\000r\000c\000i\000c\000e\000\040\0008}{chapter.7}% 30
\BOOKMARK [1][-]{section.7.2}{\376\377\000S\000o\000l\000u\000t\000i\000o\000n\000\040\000d\000u\000\040\000p\000r\000o\000g\000r\000a\000m\000m\000e\000\040\0007}{chapter.7}% 31
\BOOKMARK [1][-]{section.7.3}{\376\377\000S\000o\000l\000u\000t\000i\000o\000n\000\040\000d\000u\000\040\000Q\000C\000M\000\040\000d\000'\000a\000u\000t\000o\000-\000\351\000v\000a\000l\000u\000a\000t\000i\000o\000n}{chapter.7}% 32
\BOOKMARK [-1][-]{part.2}{\376\377\000I\000I\000\040\000C\000a\000p\000a\000c\000i\000t\000\351\000s\000\040\000a\000t\000t\000e\000n\000d\000u\000e\000s\000c\000a\000p\000a\000c\000i\000t\000i\000e\000s}{}% 33
\BOOKMARK [0][-]{chapter.8}{\376\377\000C\000a\000p\000a\000c\000i\000t\000\351\000\040\000C\000a\0001\000c\000a\000p\000a\000c\000i\000t\000y}{part.2}% 34
\BOOKMARK [1][-]{section.8.1}{\376\377\000S\000o\000l\000u\000t\000i\000o\000n\000\040\000d\000e\000\040\000l\000'\000e\000x\000e\000r\000c\000i\000c\000e\000\040\0009}{chapter.8}% 35
\BOOKMARK [1][-]{section.8.2}{\376\377\000S\000o\000l\000u\000t\000i\000o\000n\000\040\000d\000u\000\040\000Q\000C\000M\000\040\000d\000'\000a\000u\000t\000o\000-\000\351\000v\000a\000l\000u\000a\000t\000i\000o\000n}{chapter.8}% 36
\BOOKMARK [0][-]{chapter.9}{\376\377\000C\000a\000p\000a\000c\000i\000t\000\351\000\040\000C\000a\0003\000c\000a\000p\000a\000c\000i\000t\000y}{part.2}% 37
\BOOKMARK [1][-]{section.9.1}{\376\377\000S\000o\000l\000u\000t\000i\000o\000n\000\040\000d\000e\000\040\000l\000'\000e\000x\000e\000r\000c\000i\000c\000e\000\040\0001\0001}{chapter.9}% 38
\BOOKMARK [1][-]{section.9.2}{\376\377\000S\000o\000l\000u\000t\000i\000o\000n\000\040\000d\000u\000\040\000Q\000C\000M\000\040\000d\000'\000a\000u\000t\000o\000-\000\351\000v\000a\000l\000u\000a\000t\000i\000o\000n}{chapter.9}% 39
\BOOKMARK [0][-]{chapter.10}{\376\377\000C\000a\000p\000a\000c\000i\000t\000\351\000\040\000C\000a\0004\000c\000a\000p\000a\000c\000i\000t\000y}{part.2}% 40
\BOOKMARK [1][-]{section.10.1}{\376\377\000S\000o\000l\000u\000t\000i\000o\000n\000\040\000d\000e\000\040\000l\000'\000e\000x\000e\000r\000c\000i\000c\000e\000\040\0001\0002}{chapter.10}% 41
\BOOKMARK [1][-]{section.10.2}{\376\377\000S\000o\000l\000u\000t\000i\000o\000n\000\040\000d\000u\000\040\000Q\000C\000M\000\040\000d\000'\000a\000u\000t\000o\000-\000\351\000v\000a\000l\000u\000a\000t\000i\000o\000n}{chapter.10}% 42
\BOOKMARK [0][-]{chapter.11}{\376\377\000C\000a\000p\000a\000c\000i\000t\000\351\000\040\000C\000a\0005\000c\000a\000p\000a\000c\000i\000t\000y}{part.2}% 43
\BOOKMARK [1][-]{section.11.1}{\376\377\000S\000o\000l\000u\000t\000i\000o\000n\000\040\000d\000e\000\040\000l\000'\000e\000x\000e\000r\000c\000i\000c\000e\000\040\0001\0003}{chapter.11}% 44
\BOOKMARK [1][-]{section.11.2}{\376\377\000S\000o\000l\000u\000t\000i\000o\000n\000\040\000d\000u\000\040\000Q\000C\000M\000\040\000d\000'\000a\000u\000t\000o\000-\000\351\000v\000a\000l\000u\000a\000t\000i\000o\000n}{chapter.11}% 45
\BOOKMARK [0][-]{chapter.12}{\376\377\000C\000a\000p\000a\000c\000i\000t\000\351\000\040\000C\000a\0006\000c\000a\000p\000a\000c\000i\000t\000y}{part.2}% 46
\BOOKMARK [1][-]{section.12.1}{\376\377\000S\000o\000l\000u\000t\000i\000o\000n\000\040\000d\000e\000\040\000l\000'\000e\000x\000e\000r\000c\000i\000c\000e\000\040\0001\0004}{chapter.12}% 47
\BOOKMARK [1][-]{section.12.2}{\376\377\000S\000o\000l\000u\000t\000i\000o\000n\000\040\000d\000u\000\040\000Q\000C\000M\000\040\000d\000'\000a\000u\000t\000o\000-\000\351\000v\000a\000l\000u\000a\000t\000i\000o\000n}{chapter.12}% 48
\BOOKMARK [0][-]{chapter.13}{\376\377\000C\000a\000p\000a\000c\000i\000t\000\351\000\040\000C\000a\0007\000c\000a\000p\000a\000c\000i\000t\000y}{part.2}% 49
\BOOKMARK [1][-]{section.13.1}{\376\377\000S\000o\000l\000u\000t\000i\000o\000n\000\040\000d\000e\000\040\000l\000'\000e\000x\000e\000r\000c\000i\000c\000e\000\040\0001\0005}{chapter.13}% 50
\BOOKMARK [1][-]{section.13.2}{\376\377\000S\000o\000l\000u\000t\000i\000o\000n\000\040\000d\000u\000\040\000p\000r\000o\000g\000r\000a\000m\000m\000e}{chapter.13}% 51
\BOOKMARK [1][-]{section.13.3}{\376\377\000S\000o\000l\000u\000t\000i\000o\000n\000\040\000d\000u\000\040\000Q\000C\000M\000\040\000d\000'\000a\000u\000t\000o\000-\000\351\000v\000a\000l\000u\000a\000t\000i\000o\000n}{chapter.13}% 52
\BOOKMARK [-1][-]{part.3}{\376\377\000I\000I\000I\000\040\000A\000n\000n\000e\000x\000e\000s\000a\000n\000n\000e\000x\000e\000s}{}% 53
\BOOKMARK [0][-]{chapter.14}{\376\377\000E\000x\000e\000r\000c\000i\000c\000e\000s\000\040\000c\000o\000m\000p\000l\000\351\000m\000e\000n\000t\000a\000i\000r\000e\000s}{part.3}% 54
\BOOKMARK [1][-]{section.14.1}{\376\377\000P\000o\000u\000r\000\040\000s\000'\000e\000x\000e\000r\000c\000e\000r\000\040\000d\000a\000v\000a\000n\000t\000a\000g\000e}{chapter.14}% 55
\BOOKMARK [0][-]{chapter.15}{\376\377\000D\000\351\000m\000o\000n\000s\000t\000r\000a\000t\000i\000o\000n\000s}{part.3}% 56
\BOOKMARK [1][-]{section.15.1}{\376\377\000D\000\351\000m\000o\000n\000s\000t\000r\000a\000t\000i\000o\000n\000s}{chapter.15}% 57
\BOOKMARK [0][-]{chapter.16}{\376\377\000E\000x\000e\000r\000c\000i\000c\000e\000s\000\040\000d\000i\000v\000e\000r\000s}{part.3}% 58
\BOOKMARK [1][-]{section.16.1}{\376\377\000A\000l\000p\000h\000a\000b\000e\000t}{chapter.16}% 59
\BOOKMARK [1][-]{section.16.2}{\376\377\000A\000p\000p\000l\000i\000c\000a\000t\000i\000o\000n\000s\000\040\000d\000e\000s\000\040\000v\000e\000c\000t\000e\000u\000r\000s\000\040\000d\000a\000n\000s\000\040\000l\000a\000\040\000v\000i\000e\000\040\000r\000\351\000e\000l\000l\000e}{chapter.16}% 60
\BOOKMARK [1][-]{section.16.3}{\376\377\000C\000h\000i\000f\000f\000r\000e\000s}{chapter.16}% 61
\BOOKMARK [1][-]{section.16.4}{\376\377\000S\000o\000l\000u\000t\000i\000o\000n\000s\000\040\000d\000e\000s\000\040\000p\000a\000r\000a\000d\000o\000x\000e\000s}{chapter.16}% 62
\BOOKMARK [1][-]{section.16.5}{\376\377\000S\000o\000l\000u\000t\000i\000o\000n\000s\000\040\000d\000e\000s\000\040\000e\000x\000e\000r\000c\000i\000c\000e\000s\000\040\000d\000'\000a\000r\000i\000t\000h\000m\000\351\000t\000i\000q\000u\000e}{chapter.16}% 63
\BOOKMARK [-1][-]{part.4}{\376\377\000I\000V\000\040\000I\000n\000d\000e\000x\000\040\000d\000e\000s\000\040\000p\000r\000o\000g\000r\000a\000m\000m\000e\000s\000\040\000P\000y\000t\000h\000o\000n\000i\000n\000d\000e\000x}{}% 64
